<?xml version="1.0" encoding="UTF-8"?>
<!-- Generated by org.testng.reporters.JUnitReportReporter -->
<testsuite hostname="LENOVO" name="singamPackage.NewTest" tests="1" failures="0" timestamp="16 May 2016 14:31:56 GMT" time="19.444" errors="0">
  <testcase name="LoginTest" time="19.444" classname="singamPackage.NewTest"/>
</testsuite> <!-- singamPackage.NewTest -->
